<?xml version="1.0" encoding="UTF-8"?>
<!-- Generated by org.testng.reporters.JUnitXMLReporter -->
<testsuite ignored="0" hostname="DESKTOP-9NRRN6K" failures="0" tests="28" name="Test" time="246.469" errors="0" timestamp="2022-10-13T15:51:13 IST">
  <testcase classname="com.purna_data.testcases.purna_logintest" name="loginsuccess" time="1.477"/>
  <testcase classname="com.purna_data.testcases.purna_logintest" name="loginfail" time="0.427"/>
  <testcase classname="com.purna_data.testcases.purna_customertest" name="adding_new_customer" time="5.25"/>
  <testcase classname="com.purna_data.testcases.purna_customertest" name="adding_new_customer" time="5.253"/>
  <testcase classname="com.purna_data.testcases.purna_customertest" name="adding_new_customer" time="6.047"/>
  <testcase classname="com.purna_data.testcases.purna_customertest" name="adding_new_customer" time="5.475"/>
  <testcase classname="com.purna_data.testcases.purna_projecttest" name="adding_new_project" time="4.609"/>
  <testcase classname="com.purna_data.testcases.purna_projecttest" name="adding_new_project" time="5.236"/>
  <testcase classname="com.purna_data.testcases.purna_projecttest" name="adding_new_project" time="4.721"/>
  <testcase classname="com.purna_data.testcases.purna_projecttest" name="adding_new_project" time="4.853"/>
  <testcase classname="com.purna_data.testcases.purna_employeetest" name="adding_new_employee" time="8.364"/>
  <testcase classname="com.purna_data.testcases.purna_employeetest" name="adding_new_employee" time="8.156"/>
  <testcase classname="com.purna_data.testcases.purna_employeetest" name="adding_new_employee" time="8.21"/>
  <testcase classname="com.purna_data.testcases.purna_employeetest" name="adding_new_employee" time="7.975"/>
  <testcase classname="com.purna_data.testcases.purna_inventorytest" name="adding_new_inventory" time="4.982"/>
  <testcase classname="com.purna_data.testcases.purna_inventorytest" name="adding_new_inventory" time="5.249"/>
  <testcase classname="com.purna_data.testcases.purna_inventorytest" name="adding_new_inventory" time="5.162"/>
  <testcase classname="com.purna_data.testcases.purna_inventorytest" name="adding_new_inventory" time="6.065"/>
  <testcase classname="com.purna_data.testcases.purna_suppliertest2" name="adding_new_supplier" time="5.295"/>
  <testcase classname="com.purna_data.testcases.purna_suppliertest2" name="adding_new_supplier" time="5.314"/>
  <testcase classname="com.purna_data.testcases.purna_suppliertest2" name="adding_new_supplier" time="4.709"/>
  <testcase classname="com.purna_data.testcases.purna_suppliertest2" name="adding_new_supplier" time="5.253"/>
  <testcase classname="com.purna_data.testcases.purna_suppliertest2" name="adding_new_supplier" time="4.916"/>
  <testcase classname="com.purna_data.testcases.purna_suppliertest2" name="adding_new_supplier" time="5.347"/>
  <testcase classname="com.purna_data.testcases.purna_suppliertest2" name="adding_new_supplier" time="5.195"/>
  <testcase classname="com.purna_data.testcases.purna_suppliertest2" name="adding_new_supplier" time="5.714"/>
  <testcase classname="com.purna_data.testcases.purna_suppliertest2" name="adding_new_supplier" time="5.904"/>
  <testcase classname="com.purna_data.testcases.purna_suppliertest2" name="adding_new_supplier" time="4.912"/>
</testsuite> <!-- Test -->
