<?xml version="1.0" encoding="UTF-8"?>
<!-- Generated by org.testng.reporters.JUnitXMLReporter -->
<testsuite ignored="0" hostname="DESKTOP-9NRRN6K" failures="0" tests="7" name="Test" time="62.354" errors="0" timestamp="2022-10-10T21:52:32 IST">
  <testcase classname="com.purna_data.testcases.purna_logintest" name="loginsuccess" time="1.762"/>
  <testcase classname="com.purna_data.testcases.purna_logintest" name="loginfail" time="0.633"/>
  <testcase classname="com.purna_data.testcases.purna_customertest" name="adding_new_customer" time="6.078"/>
  <testcase classname="com.purna_data.testcases.purna_projecttest" name="adding_new_project" time="4.813"/>
  <testcase classname="com.purna_data.testcases.purna_employeetest" name="adding_new_employee" time="8.16"/>
  <testcase classname="com.purna_data.testcases.purna_inventorytest" name="adding_new_inventory" time="5.873"/>
  <testcase classname="com.purna_data.testcases.purna_suppliertest" name="adding_new_supplier" time="5.2"/>
</testsuite> <!-- Test -->
