<?xml version="1.0" encoding="UTF-8"?>
<!-- Generated by org.testng.reporters.JUnitXMLReporter -->
<testsuite ignored="1" hostname="DESKTOP-9NRRN6K" failures="0" tests="1" name="Default test" time="0.09" errors="0" timestamp="2022-10-13T14:28:14 IST">
  <testcase classname="com.purna_data.testcases.purna_sample_selenium_test" name="testng" time="0.016"/>
  <testcase classname="com.purna_data.testcases.purna_sample_selenium_test" name="selenium" time="0.0">
    <ignored/>
  </testcase> <!-- selenium -->
</testsuite> <!-- Default test -->
