<?xml version="1.0" encoding="UTF-8"?>
<!-- Generated by org.testng.reporters.JUnitXMLReporter -->
<testsuite ignored="0" hostname="DESKTOP-9NRRN6K" failures="0" tests="10" name="Default test" time="93.922" errors="0" timestamp="2022-10-13T12:25:20 IST">
  <testcase classname="com.purna_data.testcases.purna_suppliertest2" name="adding_new_supplier" time="5.041"/>
  <testcase classname="com.purna_data.testcases.purna_suppliertest2" name="adding_new_supplier" time="4.874"/>
  <testcase classname="com.purna_data.testcases.purna_suppliertest2" name="adding_new_supplier" time="5.121"/>
  <testcase classname="com.purna_data.testcases.purna_suppliertest2" name="adding_new_supplier" time="4.747"/>
  <testcase classname="com.purna_data.testcases.purna_suppliertest2" name="adding_new_supplier" time="4.843"/>
  <testcase classname="com.purna_data.testcases.purna_suppliertest2" name="adding_new_supplier" time="4.802"/>
  <testcase classname="com.purna_data.testcases.purna_suppliertest2" name="adding_new_supplier" time="4.777"/>
  <testcase classname="com.purna_data.testcases.purna_suppliertest2" name="adding_new_supplier" time="4.962"/>
  <testcase classname="com.purna_data.testcases.purna_suppliertest2" name="adding_new_supplier" time="4.993"/>
  <testcase classname="com.purna_data.testcases.purna_suppliertest2" name="adding_new_supplier" time="5.572"/>
</testsuite> <!-- Default test -->
