<?xml version="1.0" encoding="UTF-8"?>
<!-- Generated by org.testng.reporters.JUnitReportReporter -->
<testsuite hostname="DESKTOP-9NRRN6K" failures="0" tests="4" name="com.purna_data.testcases.purna_customertest" time="35.139" errors="0" timestamp="2022-10-13T15:51:14 IST" skipped="0">
  <testcase classname="com.purna_data.testcases.purna_customertest" name="adding_new_customer" time="8.466"/>
  <system-out/>
  <testcase classname="com.purna_data.testcases.purna_customertest" name="adding_new_customer" time="8.486"/>
  <system-out/>
  <testcase classname="com.purna_data.testcases.purna_customertest" name="adding_new_customer" time="9.459"/>
  <system-out/>
  <testcase classname="com.purna_data.testcases.purna_customertest" name="adding_new_customer" time="8.728"/>
  <system-out/>
</testsuite> <!-- com.purna_data.testcases.purna_customertest -->
