<?xml version="1.0" encoding="UTF-8"?>
<!-- Generated by org.testng.reporters.JUnitReportReporter -->
<testsuite hostname="DESKTOP-9NRRN6K" failures="0" tests="4" name="com.purna_data.testcases.purna_projecttest" time="33.358" errors="0" timestamp="2022-10-13T15:51:14 IST" skipped="0">
  <testcase classname="com.purna_data.testcases.purna_projecttest" name="adding_new_project" time="7.898"/>
  <system-out/>
  <testcase classname="com.purna_data.testcases.purna_projecttest" name="adding_new_project" time="8.139"/>
  <system-out/>
  <testcase classname="com.purna_data.testcases.purna_projecttest" name="adding_new_project" time="8.610"/>
  <system-out/>
  <testcase classname="com.purna_data.testcases.purna_projecttest" name="adding_new_project" time="8.711"/>
  <system-out/>
</testsuite> <!-- com.purna_data.testcases.purna_projecttest -->
