<?xml version="1.0" encoding="UTF-8"?>
<!-- Generated by org.testng.reporters.JUnitReportReporter -->
<testsuite hostname="DESKTOP-9NRRN6K" failures="0" tests="4" name="com.purna_data.testcases.purna_inventorytest" time="35.589" errors="0" timestamp="2022-10-13T15:51:14 IST" skipped="0">
  <testcase classname="com.purna_data.testcases.purna_inventorytest" name="adding_new_inventory" time="10.135"/>
  <system-out/>
  <testcase classname="com.purna_data.testcases.purna_inventorytest" name="adding_new_inventory" time="8.194"/>
  <system-out/>
  <testcase classname="com.purna_data.testcases.purna_inventorytest" name="adding_new_inventory" time="8.507"/>
  <system-out/>
  <testcase classname="com.purna_data.testcases.purna_inventorytest" name="adding_new_inventory" time="8.753"/>
  <system-out/>
</testsuite> <!-- com.purna_data.testcases.purna_inventorytest -->
