<?xml version="1.0" encoding="UTF-8"?>
<!-- Generated by org.testng.reporters.JUnitReportReporter -->
<testsuite hostname="DESKTOP-9NRRN6K" failures="0" tests="1" name="com.purna_data.testcases.suppliertest" time="0.000" errors="0" timestamp="2022-10-11T21:02:23 IST" skipped="1">
  <testcase classname="com.purna_data.testcases.suppliertest" name="add_newsupplier" time="0.000">
    <skipped/>
  </testcase> <!-- add_newsupplier -->
  <system-out/>
</testsuite> <!-- com.purna_data.testcases.suppliertest -->
