<?xml version="1.0" encoding="UTF-8"?>
<!-- Generated by org.testng.reporters.JUnitReportReporter -->
<testsuite hostname="DESKTOP-9NRRN6K" failures="0" tests="2" name="com.purna_data.testcases.purna_logintest" time="7.387" errors="0" timestamp="2022-10-13T15:51:14 IST" skipped="0">
  <testcase classname="com.purna_data.testcases.purna_logintest" name="loginsuccess" time="4.780"/>
  <system-out/>
  <testcase classname="com.purna_data.testcases.purna_logintest" name="loginfail" time="2.607"/>
  <system-out/>
</testsuite> <!-- com.purna_data.testcases.purna_logintest -->
