<?xml version="1.0" encoding="UTF-8"?>
<!-- Generated by org.testng.reporters.JUnitReportReporter -->
<testsuite hostname="DESKTOP-9NRRN6K" failures="0" tests="4" name="com.purna_data.testcases.purna_projecttest" time="36.643" errors="0" timestamp="2022-10-12T13:51:00 IST" skipped="0">
  <testcase classname="com.purna_data.testcases.purna_projecttest" name="adding_new_project" time="10.077"/>
  <system-out/>
  <testcase classname="com.purna_data.testcases.purna_projecttest" name="adding_new_project" time="8.570"/>
  <system-out/>
  <testcase classname="com.purna_data.testcases.purna_projecttest" name="adding_new_project" time="8.709"/>
  <system-out/>
  <testcase classname="com.purna_data.testcases.purna_projecttest" name="adding_new_project" time="9.287"/>
  <system-out/>
</testsuite> <!-- com.purna_data.testcases.purna_projecttest -->
