<?xml version="1.0" encoding="UTF-8"?>
<!-- Generated by org.testng.reporters.JUnitReportReporter -->
<testsuite hostname="DESKTOP-9NRRN6K" failures="0" tests="3" name="com.purna_data.testcases.purna_suppliertest" time="22.073" errors="0" timestamp="2022-10-13T14:57:04 IST" skipped="0">
  <testcase classname="com.purna_data.testcases.purna_suppliertest" name="adding_new_supplier" time="7.102"/>
  <system-out/>
  <testcase classname="com.purna_data.testcases.purna_suppliertest" name="adding_new_supplier" time="7.767"/>
  <system-out/>
  <testcase classname="com.purna_data.testcases.purna_suppliertest" name="adding_new_supplier" time="7.204"/>
  <system-out/>
</testsuite> <!-- com.purna_data.testcases.purna_suppliertest -->
