<?xml version="1.0" encoding="UTF-8"?>
<!-- Generated by org.testng.reporters.JUnitReportReporter -->
<testsuite hostname="DESKTOP-9NRRN6K" failures="0" tests="4" name="com.purna_data.testcases.purna_employeetest" time="46.360" errors="0" timestamp="2022-10-13T15:51:14 IST" skipped="0">
  <testcase classname="com.purna_data.testcases.purna_employeetest" name="adding_new_employee" time="11.460"/>
  <system-out/>
  <testcase classname="com.purna_data.testcases.purna_employeetest" name="adding_new_employee" time="11.365"/>
  <system-out/>
  <testcase classname="com.purna_data.testcases.purna_employeetest" name="adding_new_employee" time="11.845"/>
  <system-out/>
  <testcase classname="com.purna_data.testcases.purna_employeetest" name="adding_new_employee" time="11.690"/>
  <system-out/>
</testsuite> <!-- com.purna_data.testcases.purna_employeetest -->
