<?xml version="1.0" encoding="UTF-8"?>
<!-- Generated by org.testng.reporters.JUnitReportReporter -->
<testsuite hostname="DESKTOP-9NRRN6K" failures="0" tests="3" name="com.purna_data.testcases.purna_suppliertest" time="23.697" errors="0" timestamp="2022-10-13T11:37:49 IST" skipped="0">
  <testcase classname="com.purna_data.testcases.purna_suppliertest" name="adding_new_supplier" time="7.413"/>
  <system-out/>
  <testcase classname="com.purna_data.testcases.purna_suppliertest" name="adding_new_supplier" time="7.798"/>
  <system-out/>
  <testcase classname="com.purna_data.testcases.purna_suppliertest" name="adding_new_supplier" time="8.486"/>
  <system-out/>
</testsuite> <!-- com.purna_data.testcases.purna_suppliertest -->
