<?xml version="1.0" encoding="UTF-8"?>
<!-- Generated by org.testng.reporters.JUnitReportReporter -->
<testsuite hostname="DESKTOP-9NRRN6K" failures="0" tests="10" name="com.purna_data.testcases.purna_suppliertest2" time="92.732" errors="0" timestamp="2022-10-13T12:25:20 IST" skipped="0">
  <testcase classname="com.purna_data.testcases.purna_suppliertest2" name="adding_new_supplier" time="9.872"/>
  <system-out/>
  <testcase classname="com.purna_data.testcases.purna_suppliertest2" name="adding_new_supplier" time="8.793"/>
  <system-out/>
  <testcase classname="com.purna_data.testcases.purna_suppliertest2" name="adding_new_supplier" time="8.905"/>
  <system-out/>
  <testcase classname="com.purna_data.testcases.purna_suppliertest2" name="adding_new_supplier" time="9.578"/>
  <system-out/>
  <testcase classname="com.purna_data.testcases.purna_suppliertest2" name="adding_new_supplier" time="10.099"/>
  <system-out/>
  <testcase classname="com.purna_data.testcases.purna_suppliertest2" name="adding_new_supplier" time="9.020"/>
  <system-out/>
  <testcase classname="com.purna_data.testcases.purna_suppliertest2" name="adding_new_supplier" time="9.173"/>
  <system-out/>
  <testcase classname="com.purna_data.testcases.purna_suppliertest2" name="adding_new_supplier" time="9.007"/>
  <system-out/>
  <testcase classname="com.purna_data.testcases.purna_suppliertest2" name="adding_new_supplier" time="9.157"/>
  <system-out/>
  <testcase classname="com.purna_data.testcases.purna_suppliertest2" name="adding_new_supplier" time="9.128"/>
  <system-out/>
</testsuite> <!-- com.purna_data.testcases.purna_suppliertest2 -->
