<?xml version="1.0" encoding="UTF-8"?>
<!-- Generated by org.testng.reporters.JUnitReportReporter -->
<testsuite hostname="DESKTOP-9NRRN6K" failures="0" tests="10" name="com.purna_data.testcases.purna_suppliertest2" time="86.654" errors="0" timestamp="2022-10-13T15:51:14 IST" skipped="0">
  <testcase classname="com.purna_data.testcases.purna_suppliertest2" name="adding_new_supplier" time="8.835"/>
  <system-out/>
  <testcase classname="com.purna_data.testcases.purna_suppliertest2" name="adding_new_supplier" time="8.736"/>
  <system-out/>
  <testcase classname="com.purna_data.testcases.purna_suppliertest2" name="adding_new_supplier" time="9.079"/>
  <system-out/>
  <testcase classname="com.purna_data.testcases.purna_suppliertest2" name="adding_new_supplier" time="8.985"/>
  <system-out/>
  <testcase classname="com.purna_data.testcases.purna_suppliertest2" name="adding_new_supplier" time="8.572"/>
  <system-out/>
  <testcase classname="com.purna_data.testcases.purna_suppliertest2" name="adding_new_supplier" time="7.864"/>
  <system-out/>
  <testcase classname="com.purna_data.testcases.purna_suppliertest2" name="adding_new_supplier" time="8.261"/>
  <system-out/>
  <testcase classname="com.purna_data.testcases.purna_suppliertest2" name="adding_new_supplier" time="8.919"/>
  <system-out/>
  <testcase classname="com.purna_data.testcases.purna_suppliertest2" name="adding_new_supplier" time="9.258"/>
  <system-out/>
  <testcase classname="com.purna_data.testcases.purna_suppliertest2" name="adding_new_supplier" time="8.145"/>
  <system-out/>
</testsuite> <!-- com.purna_data.testcases.purna_suppliertest2 -->
