<?xml version="1.0" encoding="UTF-8"?>
<testng-results ignored="0" total="2" passed="2" failed="0" skipped="0">
  <reporter-output>
  </reporter-output>
  <suite started-at="2024-07-25T23:07:37 IST" name="Default suite" finished-at="2024-07-25T23:07:45 IST" duration-ms="8295">
    <groups>
    </groups>
    <test started-at="2024-07-25T23:07:37 IST" name="Default test" finished-at="2024-07-25T23:07:45 IST" duration-ms="8295">
      <class name="com.purna_data.testcases.purna_logintest">
        <test-method is-config="true" signature="init()[pri:0, instance:com.purna_data.testcases.purna_logintest@45c7e403]" started-at="2024-07-25T23:07:37 IST" name="init" finished-at="2024-07-25T23:07:39 IST" duration-ms="2882" status="PASS">
          <reporter-output>
          </reporter-output>
        </test-method> <!-- init -->
        <test-method signature="loginsuccess()[pri:-1, instance:com.purna_data.testcases.purna_logintest@45c7e403]" started-at="2024-07-25T23:07:39 IST" name="loginsuccess" finished-at="2024-07-25T23:07:42 IST" duration-ms="2295" status="PASS">
          <reporter-output>
          </reporter-output>
        </test-method> <!-- loginsuccess -->
        <test-method is-config="true" signature="closebrowser()[pri:0, instance:com.purna_data.testcases.purna_logintest@45c7e403]" started-at="2024-07-25T23:07:42 IST" name="closebrowser" finished-at="2024-07-25T23:07:42 IST" duration-ms="308" status="PASS">
          <reporter-output>
          </reporter-output>
        </test-method> <!-- closebrowser -->
        <test-method is-config="true" signature="init()[pri:0, instance:com.purna_data.testcases.purna_logintest@45c7e403]" started-at="2024-07-25T23:07:42 IST" name="init" finished-at="2024-07-25T23:07:44 IST" duration-ms="1845" status="PASS">
          <reporter-output>
          </reporter-output>
        </test-method> <!-- init -->
        <test-method signature="loginfail()[pri:0, instance:com.purna_data.testcases.purna_logintest@45c7e403]" started-at="2024-07-25T23:07:44 IST" name="loginfail" finished-at="2024-07-25T23:07:45 IST" duration-ms="600" status="PASS">
          <reporter-output>
          </reporter-output>
        </test-method> <!-- loginfail -->
        <test-method is-config="true" signature="closebrowser()[pri:0, instance:com.purna_data.testcases.purna_logintest@45c7e403]" started-at="2024-07-25T23:07:45 IST" name="closebrowser" finished-at="2024-07-25T23:07:45 IST" duration-ms="273" status="PASS">
          <reporter-output>
          </reporter-output>
        </test-method> <!-- closebrowser -->
      </class> <!-- com.purna_data.testcases.purna_logintest -->
    </test> <!-- Default test -->
  </suite> <!-- Default suite -->
</testng-results>
